{"name":"Application","version":"1.0.0","hostname":"RABELO-DESKTOP","pid":17824,"level":30,"msg":"Starting server","time":"2021-07-29T19:13:43.704Z","v":0}
{"name":"Application","version":"1.0.0","hostname":"RABELO-DESKTOP","pid":17824,"level":50,"msg":"No connection options were found in any orm configuration files.","time":"2021-07-29T19:13:43.708Z","v":0}
{"name":"Application","version":"1.0.0","hostname":"RABELO-DESKTOP","pid":17824,"level":30,"msg":"游 Application server started under development mode at https://localhost:4001/graphql","time":"2021-07-29T19:13:43.711Z","v":0}
{"name":"Application","version":"1.0.0","hostname":"RABELO-DESKTOP","pid":17824,"level":30,"msg":"游 Subscriptions server started at wss://localhost:4001/subscriptions","time":"2021-07-29T19:13:43.711Z","v":0}
{"name":"Application","version":"1.0.0","hostname":"RABELO-DESKTOP","pid":17824,"level":30,"msg":"游 Application server started under development mode at http://localhost:4000/graphql","time":"2021-07-29T19:13:43.712Z","v":0}
{"name":"Application","version":"1.0.0","hostname":"RABELO-DESKTOP","pid":17824,"level":30,"msg":"游 Subscriptions server started at ws://localhost:4000/subscriptions","time":"2021-07-29T19:13:43.712Z","v":0}
{"name":"Application","version":"1.0.0","hostname":"RABELO-DESKTOP","pid":5988,"level":30,"msg":"Sanitizando banco de dados antes de semear.","time":"2021-07-29T19:33:34.860Z","v":0}
{"name":"Application","version":"1.0.0","hostname":"RABELO-DESKTOP","pid":5988,"level":30,"msg":"Semeando regras padr칚o.","time":"2021-07-29T19:33:34.914Z","v":0}
{"name":"Application","version":"1.0.0","hostname":"RABELO-DESKTOP","pid":5988,"level":50,"msg":"Ocorreu um erro ao tentar sanitizar o banco de dados: ns not found\nMongoError: ns not found\n    at MessageStream.messageHandler (D:\\GitHub\\squad\\backend\\node_modules\\mongodb\\lib\\cmap\\connection.js:268:20)\n    at MessageStream.emit (events.js:375:28)\n    at processIncomingData (D:\\GitHub\\squad\\backend\\node_modules\\mongodb\\lib\\cmap\\message_stream.js:144:12)\n    at MessageStream._write (D:\\GitHub\\squad\\backend\\node_modules\\mongodb\\lib\\cmap\\message_stream.js:42:5)\n    at writeOrBuffer (internal/streams/writable.js:358:12)\n    at MessageStream.Writable.write (internal/streams/writable.js:303:10)\n    at Socket.ondata (internal/streams/readable.js:726:22)\n    at Socket.emit (events.js:375:28)\n    at addChunk (internal/streams/readable.js:290:12)\n    at readableAddChunk (internal/streams/readable.js:265:9)","time":"2021-07-29T19:33:34.920Z","v":0}
{"name":"Application","version":"1.0.0","hostname":"RABELO-DESKTOP","pid":5988,"level":30,"msg":"Criando regra padr칚o \"admin\".","time":"2021-07-29T19:33:34.922Z","v":0}
{"name":"Application","version":"1.0.0","hostname":"RABELO-DESKTOP","pid":5988,"level":30,"msg":"Criando regra padr칚o \"common\".","time":"2021-07-29T19:33:34.933Z","v":0}
{"name":"Application","version":"1.0.0","hostname":"RABELO-DESKTOP","pid":5988,"level":30,"msg":"Semeando usu치rios padr칚o.","time":"2021-07-29T19:33:34.934Z","v":0}
{"name":"Application","version":"1.0.0","hostname":"RABELO-DESKTOP","pid":5988,"level":30,"msg":"Criando usu치rio padr칚o \"contato@fabricioprabelo.com.br\".","time":"2021-07-29T19:33:34.938Z","v":0}
{"name":"Application","version":"1.0.0","hostname":"RABELO-DESKTOP","pid":5988,"level":30,"msg":"Finalizado semeadura do banco de dados.","time":"2021-07-29T19:33:34.943Z","v":0}
{"name":"Application","version":"1.0.0","hostname":"RABELO-DESKTOP","pid":8132,"level":30,"msg":"Sanitizando banco de dados antes de semear.","time":"2021-07-29T19:33:40.809Z","v":0}
{"name":"Application","version":"1.0.0","hostname":"RABELO-DESKTOP","pid":8132,"level":30,"msg":"Semeando regras padr칚o.","time":"2021-07-29T19:33:40.861Z","v":0}
{"name":"Application","version":"1.0.0","hostname":"RABELO-DESKTOP","pid":8132,"level":30,"msg":"Atualizando regra padr칚o \"admin\".","time":"2021-07-29T19:33:40.869Z","v":0}
{"name":"Application","version":"1.0.0","hostname":"RABELO-DESKTOP","pid":8132,"level":30,"msg":"Criando regra padr칚o \"common\".","time":"2021-07-29T19:33:40.881Z","v":0}
{"name":"Application","version":"1.0.0","hostname":"RABELO-DESKTOP","pid":8132,"level":30,"msg":"Semeando usu치rios padr칚o.","time":"2021-07-29T19:33:40.882Z","v":0}
{"name":"Application","version":"1.0.0","hostname":"RABELO-DESKTOP","pid":8132,"level":30,"msg":"Criando usu치rio padr칚o \"contato@fabricioprabelo.com.br\".","time":"2021-07-29T19:33:40.884Z","v":0}
{"name":"Application","version":"1.0.0","hostname":"RABELO-DESKTOP","pid":8132,"level":30,"msg":"Finalizado semeadura do banco de dados.","time":"2021-07-29T19:33:40.889Z","v":0}
{"name":"Application","version":"1.0.0","hostname":"RABELO-DESKTOP","pid":21376,"level":30,"msg":"Starting server","time":"2021-07-29T19:33:51.397Z","v":0}
{"name":"Application","version":"1.0.0","hostname":"RABELO-DESKTOP","pid":21376,"level":30,"msg":"游 Application server started under development mode at https://localhost:4001/graphql","time":"2021-07-29T19:33:51.544Z","v":0}
{"name":"Application","version":"1.0.0","hostname":"RABELO-DESKTOP","pid":21376,"level":30,"msg":"游 Subscriptions server started at wss://localhost:4001/subscriptions","time":"2021-07-29T19:33:51.544Z","v":0}
{"name":"Application","version":"1.0.0","hostname":"RABELO-DESKTOP","pid":21376,"level":30,"msg":"游 Application server started under development mode at http://localhost:4000/graphql","time":"2021-07-29T19:33:51.545Z","v":0}
{"name":"Application","version":"1.0.0","hostname":"RABELO-DESKTOP","pid":21376,"level":30,"msg":"游 Subscriptions server started at ws://localhost:4000/subscriptions","time":"2021-07-29T19:33:51.545Z","v":0}
{"name":"Squad","version":"1.0.0","hostname":"RABELO-DESKTOP","pid":7836,"level":30,"msg":"Starting server","time":"2021-07-29T19:38:40.355Z","v":0}
{"name":"Squad","version":"1.0.0","hostname":"RABELO-DESKTOP","pid":7836,"level":30,"msg":"游 Squad server started under development mode at https://127.0.0.1:4001/graphql","time":"2021-07-29T19:38:40.513Z","v":0}
{"name":"Squad","version":"1.0.0","hostname":"RABELO-DESKTOP","pid":7836,"level":30,"msg":"游 Subscriptions server started at wss://127.0.0.1:4001/subscriptions","time":"2021-07-29T19:38:40.514Z","v":0}
{"name":"Squad","version":"1.0.0","hostname":"RABELO-DESKTOP","pid":7836,"level":30,"msg":"游 Squad server started under development mode at http://127.0.0.1:4000/graphql","time":"2021-07-29T19:38:40.515Z","v":0}
{"name":"Squad","version":"1.0.0","hostname":"RABELO-DESKTOP","pid":7836,"level":30,"msg":"游 Subscriptions server started at ws://127.0.0.1:4000/subscriptions","time":"2021-07-29T19:38:40.515Z","v":0}
{"name":"Squad","version":"1.0.0","hostname":"RABELO-DESKTOP","pid":7836,"level":30,"msg":"Squad - Request did start. Query:\n query login($email: String!, $password: String!, $remember: Boolean) {\n  login(email: $email, password: $password, remember: $remember) {\n    user {\n      id\n      name\n      surname\n      email\n      isActivated\n      isSuperAdmin\n      photo\n      claims {\n        claimType\n        claimValue\n        __typename\n      }\n      roles {\n        id\n        name\n        description\n        __typename\n      }\n      __typename\n    }\n    token\n    __typename\n  }\n}\n","time":"2021-07-29T19:38:55.953Z","v":0}
{"name":"Squad","version":"1.0.0","hostname":"RABELO-DESKTOP","pid":7836,"level":50,"err":{"message":"A senha n칚o corresponde ao usu치rio informado.","name":"Error","stack":"Error: A senha n칚o corresponde ao usu치rio informado.\n    at Accounts.<anonymous> (D:\\GitHub\\squad\\backend\\src\\schemas\\Accounts.ts:67:15)\n    at step (D:\\GitHub\\squad\\backend\\src\\schemas\\Accounts.ts:64:23)\n    at Object.next (D:\\GitHub\\squad\\backend\\src\\schemas\\Accounts.ts:45:53)\n    at fulfilled (D:\\GitHub\\squad\\backend\\src\\schemas\\Accounts.ts:36:58)\n    at processTicksAndRejections (internal/process/task_queues.js:95:5)"},"msg":"A senha n칚o corresponde ao usu치rio informado.","time":"2021-07-29T19:38:56.037Z","v":0}
{"name":"Squad","version":"1.0.0","hostname":"RABELO-DESKTOP","pid":7836,"level":50,"msg":"Squad - Did encounter errors: A senha n칚o corresponde ao usu치rio informado.\nError: A senha n칚o corresponde ao usu치rio informado.\n    at Accounts.<anonymous> (D:\\GitHub\\squad\\backend\\src\\schemas\\Accounts.ts:67:15)\n    at step (D:\\GitHub\\squad\\backend\\src\\schemas\\Accounts.ts:64:23)\n    at Object.next (D:\\GitHub\\squad\\backend\\src\\schemas\\Accounts.ts:45:53)\n    at fulfilled (D:\\GitHub\\squad\\backend\\src\\schemas\\Accounts.ts:36:58)\n    at processTicksAndRejections (internal/process/task_queues.js:95:5)","time":"2021-07-29T19:38:56.038Z","v":0}
